[+] Containers:
 |- [+] Container: /Game/TopDown/Maps/TopDownMap
 |   |- [+] ActorDescs:
 |   |   |- Guid:07810DB5476552C6ECC207B8FBE94500 NativeClass:/Script/Engine.StaticMeshActor Name:StaticMeshActor_UAID_A4AE111137DC5CFB00_1546167071 Label:SM_SkySphere SpatiallyLoaded:false EditorBounds:IsValid=true, Min=(X=-1638400.000 Y=-1638400.000 Z=-1638400.000), Max=(X=1638400.000 Y=1638400.000 Z=1638400.000) RuntimeBounds:IsValid=true, Min=(X=-1638400.000 Y=-1638400.000 Z=-1638400.000), Max=(X=1638400.000 Y=1638400.000 Z=1638400.000) RuntimeGrid:None EditorOnly:false RuntimeOnly:false HLODRelevant:true ListedInSceneOutliner:true IsMainWorldOnly:false FolderPath:Lighting FolderGuid:E13570EE436BA15E35C622BAA5B21164
 |   |   |- Guid:124EE53143C875A1C4F174B08C31D407 NativeClass:/Script/Engine.SkyAtmosphere Name:SkyAtmosphere_1 Label:SkyAtmosphere SpatiallyLoaded:false EditorBounds:IsValid=true, Min=(X=0.000 Y=0.000 Z=1020.000), Max=(X=0.000 Y=0.000 Z=1020.000) RuntimeBounds:IsValid=true, Min=(X=0.000 Y=0.000 Z=1020.000), Max=(X=0.000 Y=0.000 Z=1020.000) RuntimeGrid:None EditorOnly:false RuntimeOnly:false HLODRelevant:false ListedInSceneOutliner:true IsMainWorldOnly:false FolderPath:Lighting FolderGuid:E13570EE436BA15E35C622BAA5B21164
 |   |   |- Guid:1A013F6D454DDAB5AD8E77B766ED9FAD NativeClass:/Script/Engine.ExponentialHeightFog Name:ExponentialHeightFog_1 Label:ExponentialHeightFog SpatiallyLoaded:false EditorBounds:IsValid=true, Min=(X=-5600.000 Y=-50.000 Z=-6850.000), Max=(X=-5600.000 Y=-50.000 Z=-6850.000) RuntimeBounds:IsValid=true, Min=(X=-5600.000 Y=-50.000 Z=-6850.000), Max=(X=-5600.000 Y=-50.000 Z=-6850.000) RuntimeGrid:None EditorOnly:false RuntimeOnly:false HLODRelevant:false ListedInSceneOutliner:true IsMainWorldOnly:false FolderPath:Lighting FolderGuid:E13570EE436BA15E35C622BAA5B21164
 |   |   |- Guid:2CF3F6CF4806AFD9B4E7F4A2FB12AE28 BaseClass:/Game/H_RTS/H_Actors/BP_SelectionUnit.BP_SelectionUnit_C NativeClass:/Script/RTS_Interface.Selection_Unit Name:BP_SelectionUnit_C_UAID_F02F7415EA93514202_1328852448 Label:BP_SelectionUnit3 SpatiallyLoaded:true EditorBounds:IsValid=true, Min=(X=1040.000 Y=1440.000 Z=-42.000), Max=(X=1360.000 Y=1600.000 Z=183.456) RuntimeBounds:IsValid=true, Min=(X=1048.981 Y=1486.000 Z=-3.426), Max=(X=1193.089 Y=1554.000 Z=183.456) RuntimeGrid:None EditorOnly:false RuntimeOnly:false HLODRelevant:false ListedInSceneOutliner:true IsMainWorldOnly:false
 |   |   |- Guid:2D35D16542032F78BA8C8AB1CC4FA726 NativeClass:/Script/Engine.PlayerStart Name:PlayerStart_1 Label:PlayerStart SpatiallyLoaded:false EditorBounds:IsValid=true, Min=(X=960.000 Y=1770.000 Z=0.013), Max=(X=1040.000 Y=1850.000 Z=184.013) RuntimeBounds:IsValid=true, Min=(X=960.000 Y=1770.000 Z=0.013), Max=(X=1040.000 Y=1850.000 Z=184.013) RuntimeGrid:None EditorOnly:false RuntimeOnly:false HLODRelevant:false ListedInSceneOutliner:true IsMainWorldOnly:false
 |   |   |- Guid:3AA00CC7473B3AB860032482C86F1357 NativeClass:/Script/Engine.SkyLight Name:SkyLight_1 Label:SkyLight SpatiallyLoaded:false EditorBounds:IsValid=true, Min=(X=0.000 Y=0.000 Z=690.000), Max=(X=0.000 Y=0.000 Z=690.000) RuntimeBounds:IsValid=true, Min=(X=0.000 Y=0.000 Z=690.000), Max=(X=0.000 Y=0.000 Z=690.000) RuntimeGrid:None EditorOnly:false RuntimeOnly:false HLODRelevant:false ListedInSceneOutliner:true IsMainWorldOnly:false FolderPath:Lighting FolderGuid:E13570EE436BA15E35C622BAA5B21164
 |   |   |- Guid:44B5B14A4724B1A960164EB2B8595C48 NativeClass:/Script/AIModule.NavLinkProxy Name:NavLinkProxy_1 Label:NavLinkProxy3 SpatiallyLoaded:true EditorBounds:IsValid=true, Min=(X=2240.000 Y=1030.000 Z=90.000), Max=(X=2240.000 Y=1030.000 Z=90.000) RuntimeBounds:IsValid=true, Min=(X=2240.000 Y=1030.000 Z=90.000), Max=(X=2240.000 Y=1030.000 Z=90.000) RuntimeGrid:None EditorOnly:false RuntimeOnly:false HLODRelevant:false ListedInSceneOutliner:true IsMainWorldOnly:false FolderPath:Navigation FolderGuid:5FBB7B1041A3902AEFBB4E87AA1D500F
 |   |   |- Guid:5464D6C147DB6C789358BD8064EDA65D BaseClass:/Game/H_RTS/H_Actors/BP_SelectionUnit.BP_SelectionUnit_C NativeClass:/Script/RTS_Interface.Selection_Unit Name:BP_SelectionUnit_C_UAID_F02F7415EA93514202_1327624447 Label:BP_SelectionUnit2 SpatiallyLoaded:true EditorBounds:IsValid=true, Min=(X=840.000 Y=1280.000 Z=-42.000), Max=(X=1160.000 Y=1440.000 Z=183.456) RuntimeBounds:IsValid=true, Min=(X=848.981 Y=1326.000 Z=-3.426), Max=(X=993.089 Y=1394.000 Z=183.456) RuntimeGrid:None EditorOnly:false RuntimeOnly:false HLODRelevant:false ListedInSceneOutliner:true IsMainWorldOnly:false
 |   |   |- Guid:5634A3FF4BA71253C5DC159AE2A6CFDA BaseClass:/Game/H_RTS/H_Actors/BP_SelectionUnit.BP_SelectionUnit_C NativeClass:/Script/RTS_Interface.Selection_Unit Name:BP_SelectionUnit_C_UAID_F02F7415EA93514202_1331544450 Label:BP_SelectionUnit5 SpatiallyLoaded:true EditorBounds:IsValid=true, Min=(X=810.000 Y=1080.000 Z=-42.000), Max=(X=1130.000 Y=1240.000 Z=183.456) RuntimeBounds:IsValid=true, Min=(X=818.981 Y=1126.000 Z=-3.426), Max=(X=963.089 Y=1194.000 Z=183.456) RuntimeGrid:None EditorOnly:false RuntimeOnly:false HLODRelevant:false ListedInSceneOutliner:true IsMainWorldOnly:false
 |   |   |- Guid:6CFE69CB41732F0CDEB04A85666FA67E NativeClass:/Script/Engine.WorldDataLayers Name:WorldDataLayers Label:WorldDataLayers-1 SpatiallyLoaded:false EditorBounds:IsValid=true, Min=(X=0.000 Y=0.000 Z=0.000), Max=(X=0.000 Y=0.000 Z=0.000) RuntimeBounds:IsValid=true, Min=(X=0.000 Y=0.000 Z=0.000), Max=(X=0.000 Y=0.000 Z=0.000) RuntimeGrid:None EditorOnly:false RuntimeOnly:false HLODRelevant:false ListedInSceneOutliner:true IsMainWorldOnly:true
 |   |   |- Guid:963169944433A544D75FF79A1B9FC159 NativeClass:/Script/NavigationSystem.NavMeshBoundsVolume Name:NavMeshBoundsVolume_1 Label:NavMeshBoundsVolume SpatiallyLoaded:false EditorBounds:IsValid=true, Min=(X=-100.000 Y=-100.000 Z=-110.000), Max=(X=3100.000 Y=3600.000 Z=390.000) RuntimeBounds:IsValid=true, Min=(X=-100.000 Y=-100.000 Z=-110.000), Max=(X=3100.000 Y=3600.000 Z=390.000) RuntimeGrid:None EditorOnly:false RuntimeOnly:false HLODRelevant:false ListedInSceneOutliner:true IsMainWorldOnly:false FolderPath:Navigation FolderGuid:5FBB7B1041A3902AEFBB4E87AA1D500F
 |   |   |- Guid:BC9F05DA4F26FE20B8ADBEAC803D9E07 NativeClass:/Script/Engine.PostProcessVolume Name:PostProcessVolume_1 Label:PostProcessVolume SpatiallyLoaded:false EditorBounds:IsValid=true, Min=(X=0.000 Y=0.000 Z=400.000), Max=(X=200.000 Y=200.000 Z=600.000) RuntimeBounds:IsValid=true, Min=(X=0.000 Y=0.000 Z=400.000), Max=(X=200.000 Y=200.000 Z=600.000) RuntimeGrid:None EditorOnly:false RuntimeOnly:false HLODRelevant:false ListedInSceneOutliner:true IsMainWorldOnly:false FolderPath:Lighting FolderGuid:E13570EE436BA15E35C622BAA5B21164
 |   |   |- Guid:BD2CBF554A1EA1326D5BE9A2E86E980D BaseClass:/Game/H_RTS/H_Actors/BP_SelectionUnit.BP_SelectionUnit_C NativeClass:/Script/RTS_Interface.Selection_Unit Name:BP_SelectionUnit_C_UAID_F02F7415EA93514202_1332732451 Label:BP_SelectionUnit6 SpatiallyLoaded:true EditorBounds:IsValid=true, Min=(X=730.000 Y=1430.000 Z=-42.000), Max=(X=1050.000 Y=1590.000 Z=183.456) RuntimeBounds:IsValid=true, Min=(X=738.981 Y=1476.000 Z=-3.426), Max=(X=883.089 Y=1544.000 Z=183.456) RuntimeGrid:None EditorOnly:false RuntimeOnly:false HLODRelevant:false ListedInSceneOutliner:true IsMainWorldOnly:false
 |   |   |- Guid:C1F343BF47546FC406FC86B4815E25C6 NativeClass:/Script/Engine.DirectionalLight Name:DirectionalLight_1 Label:DirectionalLight SpatiallyLoaded:false EditorBounds:IsValid=true, Min=(X=-1048576.000 Y=-1048576.000 Z=-1048576.000), Max=(X=1048576.000 Y=1048576.000 Z=1048576.000) RuntimeBounds:IsValid=true, Min=(X=-1048576.000 Y=-1048576.000 Z=-1048576.000), Max=(X=1048576.000 Y=1048576.000 Z=1048576.000) RuntimeGrid:None EditorOnly:false RuntimeOnly:false HLODRelevant:false ListedInSceneOutliner:true IsMainWorldOnly:false FolderPath:Lighting FolderGuid:E13570EE436BA15E35C622BAA5B21164
 |   |   |- Guid:CBF04BF6440E45007651D7A344709376 NativeClass:/Script/Engine.StaticMeshActor Name:StaticMeshActor_UAID_F02F7415EA93654102_1153469912 Label:Plane SpatiallyLoaded:true EditorBounds:IsValid=true, Min=(X=-705.000 Y=-385.000 Z=-0.000), Max=(X=3545.000 Y=3865.000 Z=0.000) RuntimeBounds:IsValid=true, Min=(X=-705.000 Y=-385.000 Z=-0.000), Max=(X=3545.000 Y=3865.000 Z=0.000) RuntimeGrid:None EditorOnly:false RuntimeOnly:false HLODRelevant:true ListedInSceneOutliner:true IsMainWorldOnly:false
 |   |   |- Guid:D6B13F594EEE49F327A7B1AF0394F5D8 BaseClass:/Game/H_RTS/H_Actors/BP_SelectionUnit.BP_SelectionUnit_C NativeClass:/Script/RTS_Interface.Selection_Unit Name:BP_SelectionUnit_C_UAID_F02F7415EA93E24102_1565037911 Label:BP_SelectionUnit SpatiallyLoaded:true EditorBounds:IsValid=true, Min=(X=810.000 Y=1570.000 Z=-42.000), Max=(X=1130.000 Y=1730.000 Z=183.456) RuntimeBounds:IsValid=true, Min=(X=818.981 Y=1616.000 Z=-3.426), Max=(X=963.089 Y=1684.000 Z=183.456) RuntimeGrid:None EditorOnly:false RuntimeOnly:false HLODRelevant:false ListedInSceneOutliner:true IsMainWorldOnly:false
 |   |   |- Guid:E12227DE471DF2C71A845EACAF76DB8D BaseClass:/Game/H_RTS/H_Actors/BP_SelectionUnit.BP_SelectionUnit_C NativeClass:/Script/RTS_Interface.Selection_Unit Name:BP_SelectionUnit_C_UAID_F02F7415EA93514202_1330625449 Label:BP_SelectionUnit4 SpatiallyLoaded:true EditorBounds:IsValid=true, Min=(X=1060.000 Y=1160.000 Z=-42.000), Max=(X=1380.000 Y=1320.000 Z=183.456) RuntimeBounds:IsValid=true, Min=(X=1068.981 Y=1206.000 Z=-3.426), Max=(X=1213.089 Y=1274.000 Z=183.456) RuntimeGrid:None EditorOnly:false RuntimeOnly:false HLODRelevant:false ListedInSceneOutliner:true IsMainWorldOnly:false
 |   |   |- Guid:E237D5684F4A97658AE902AA6A9F1FE1 BaseClass:/Game/H_RTS/H_Actors/BP_SelectionUnit.BP_SelectionUnit_C NativeClass:/Script/RTS_Interface.Selection_Unit Name:BP_SelectionUnit_C_UAID_F02F7415EA93514202_1336359452 Label:BP_SelectionUnit7 SpatiallyLoaded:true EditorBounds:IsValid=true, Min=(X=610.000 Y=1160.000 Z=-42.000), Max=(X=930.000 Y=1320.000 Z=183.456) RuntimeBounds:IsValid=true, Min=(X=618.981 Y=1206.000 Z=-3.426), Max=(X=763.089 Y=1274.000 Z=183.456) RuntimeGrid:None EditorOnly:false RuntimeOnly:false HLODRelevant:false ListedInSceneOutliner:true IsMainWorldOnly:false
 |   |   |- Guid:E92B029A43F3DD683C1B2481BF7B68DE NativeClass:/Script/Engine.VolumetricCloud Name:VolumetricCloud_1 Label:VolumetricCloud SpatiallyLoaded:false EditorBounds:IsValid=true, Min=(X=0.000 Y=0.000 Z=820.000), Max=(X=0.000 Y=0.000 Z=820.000) RuntimeBounds:IsValid=true, Min=(X=0.000 Y=0.000 Z=820.000), Max=(X=0.000 Y=0.000 Z=820.000) RuntimeGrid:None EditorOnly:false RuntimeOnly:false HLODRelevant:false ListedInSceneOutliner:true IsMainWorldOnly:false FolderPath:Lighting FolderGuid:E13570EE436BA15E35C622BAA5B21164
 |   |- [+] Clusters:
 |   |   |- [+] [  0]
 |   |   |   |- Guid:07810DB5476552C6ECC207B8FBE94500 NativeClass:/Script/Engine.StaticMeshActor Name:StaticMeshActor_UAID_A4AE111137DC5CFB00_1546167071 Label:SM_SkySphere SpatiallyLoaded:false EditorBounds:IsValid=true, Min=(X=-1638400.000 Y=-1638400.000 Z=-1638400.000), Max=(X=1638400.000 Y=1638400.000 Z=1638400.000) RuntimeBounds:IsValid=true, Min=(X=-1638400.000 Y=-1638400.000 Z=-1638400.000), Max=(X=1638400.000 Y=1638400.000 Z=1638400.000) RuntimeGrid:None EditorOnly:false RuntimeOnly:false HLODRelevant:true ListedInSceneOutliner:true IsMainWorldOnly:false FolderPath:Lighting FolderGuid:E13570EE436BA15E35C622BAA5B21164
 |   |   |- [+] [  1]
 |   |   |   |- Guid:124EE53143C875A1C4F174B08C31D407 NativeClass:/Script/Engine.SkyAtmosphere Name:SkyAtmosphere_1 Label:SkyAtmosphere SpatiallyLoaded:false EditorBounds:IsValid=true, Min=(X=0.000 Y=0.000 Z=1020.000), Max=(X=0.000 Y=0.000 Z=1020.000) RuntimeBounds:IsValid=true, Min=(X=0.000 Y=0.000 Z=1020.000), Max=(X=0.000 Y=0.000 Z=1020.000) RuntimeGrid:None EditorOnly:false RuntimeOnly:false HLODRelevant:false ListedInSceneOutliner:true IsMainWorldOnly:false FolderPath:Lighting FolderGuid:E13570EE436BA15E35C622BAA5B21164
 |   |   |- [+] [  2]
 |   |   |   |- Guid:1A013F6D454DDAB5AD8E77B766ED9FAD NativeClass:/Script/Engine.ExponentialHeightFog Name:ExponentialHeightFog_1 Label:ExponentialHeightFog SpatiallyLoaded:false EditorBounds:IsValid=true, Min=(X=-5600.000 Y=-50.000 Z=-6850.000), Max=(X=-5600.000 Y=-50.000 Z=-6850.000) RuntimeBounds:IsValid=true, Min=(X=-5600.000 Y=-50.000 Z=-6850.000), Max=(X=-5600.000 Y=-50.000 Z=-6850.000) RuntimeGrid:None EditorOnly:false RuntimeOnly:false HLODRelevant:false ListedInSceneOutliner:true IsMainWorldOnly:false FolderPath:Lighting FolderGuid:E13570EE436BA15E35C622BAA5B21164
 |   |   |- [+] [  3]
 |   |   |   |- Guid:2CF3F6CF4806AFD9B4E7F4A2FB12AE28 BaseClass:/Game/H_RTS/H_Actors/BP_SelectionUnit.BP_SelectionUnit_C NativeClass:/Script/RTS_Interface.Selection_Unit Name:BP_SelectionUnit_C_UAID_F02F7415EA93514202_1328852448 Label:BP_SelectionUnit3 SpatiallyLoaded:true EditorBounds:IsValid=true, Min=(X=1040.000 Y=1440.000 Z=-42.000), Max=(X=1360.000 Y=1600.000 Z=183.456) RuntimeBounds:IsValid=true, Min=(X=1048.981 Y=1486.000 Z=-3.426), Max=(X=1193.089 Y=1554.000 Z=183.456) RuntimeGrid:None EditorOnly:false RuntimeOnly:false HLODRelevant:false ListedInSceneOutliner:true IsMainWorldOnly:false
 |   |   |- [+] [  4]
 |   |   |   |- Guid:2D35D16542032F78BA8C8AB1CC4FA726 NativeClass:/Script/Engine.PlayerStart Name:PlayerStart_1 Label:PlayerStart SpatiallyLoaded:false EditorBounds:IsValid=true, Min=(X=960.000 Y=1770.000 Z=0.013), Max=(X=1040.000 Y=1850.000 Z=184.013) RuntimeBounds:IsValid=true, Min=(X=960.000 Y=1770.000 Z=0.013), Max=(X=1040.000 Y=1850.000 Z=184.013) RuntimeGrid:None EditorOnly:false RuntimeOnly:false HLODRelevant:false ListedInSceneOutliner:true IsMainWorldOnly:false
 |   |   |- [+] [  5]
 |   |   |   |- Guid:3AA00CC7473B3AB860032482C86F1357 NativeClass:/Script/Engine.SkyLight Name:SkyLight_1 Label:SkyLight SpatiallyLoaded:false EditorBounds:IsValid=true, Min=(X=0.000 Y=0.000 Z=690.000), Max=(X=0.000 Y=0.000 Z=690.000) RuntimeBounds:IsValid=true, Min=(X=0.000 Y=0.000 Z=690.000), Max=(X=0.000 Y=0.000 Z=690.000) RuntimeGrid:None EditorOnly:false RuntimeOnly:false HLODRelevant:false ListedInSceneOutliner:true IsMainWorldOnly:false FolderPath:Lighting FolderGuid:E13570EE436BA15E35C622BAA5B21164
 |   |   |- [+] [  6]
 |   |   |   |- Guid:44B5B14A4724B1A960164EB2B8595C48 NativeClass:/Script/AIModule.NavLinkProxy Name:NavLinkProxy_1 Label:NavLinkProxy3 SpatiallyLoaded:true EditorBounds:IsValid=true, Min=(X=2240.000 Y=1030.000 Z=90.000), Max=(X=2240.000 Y=1030.000 Z=90.000) RuntimeBounds:IsValid=true, Min=(X=2240.000 Y=1030.000 Z=90.000), Max=(X=2240.000 Y=1030.000 Z=90.000) RuntimeGrid:None EditorOnly:false RuntimeOnly:false HLODRelevant:false ListedInSceneOutliner:true IsMainWorldOnly:false FolderPath:Navigation FolderGuid:5FBB7B1041A3902AEFBB4E87AA1D500F
 |   |   |- [+] [  7]
 |   |   |   |- Guid:5464D6C147DB6C789358BD8064EDA65D BaseClass:/Game/H_RTS/H_Actors/BP_SelectionUnit.BP_SelectionUnit_C NativeClass:/Script/RTS_Interface.Selection_Unit Name:BP_SelectionUnit_C_UAID_F02F7415EA93514202_1327624447 Label:BP_SelectionUnit2 SpatiallyLoaded:true EditorBounds:IsValid=true, Min=(X=840.000 Y=1280.000 Z=-42.000), Max=(X=1160.000 Y=1440.000 Z=183.456) RuntimeBounds:IsValid=true, Min=(X=848.981 Y=1326.000 Z=-3.426), Max=(X=993.089 Y=1394.000 Z=183.456) RuntimeGrid:None EditorOnly:false RuntimeOnly:false HLODRelevant:false ListedInSceneOutliner:true IsMainWorldOnly:false
 |   |   |- [+] [  8]
 |   |   |   |- Guid:5634A3FF4BA71253C5DC159AE2A6CFDA BaseClass:/Game/H_RTS/H_Actors/BP_SelectionUnit.BP_SelectionUnit_C NativeClass:/Script/RTS_Interface.Selection_Unit Name:BP_SelectionUnit_C_UAID_F02F7415EA93514202_1331544450 Label:BP_SelectionUnit5 SpatiallyLoaded:true EditorBounds:IsValid=true, Min=(X=810.000 Y=1080.000 Z=-42.000), Max=(X=1130.000 Y=1240.000 Z=183.456) RuntimeBounds:IsValid=true, Min=(X=818.981 Y=1126.000 Z=-3.426), Max=(X=963.089 Y=1194.000 Z=183.456) RuntimeGrid:None EditorOnly:false RuntimeOnly:false HLODRelevant:false ListedInSceneOutliner:true IsMainWorldOnly:false
 |   |   |- [+] [  9]
 |   |   |   |- Guid:6CFE69CB41732F0CDEB04A85666FA67E NativeClass:/Script/Engine.WorldDataLayers Name:WorldDataLayers Label:WorldDataLayers-1 SpatiallyLoaded:false EditorBounds:IsValid=true, Min=(X=0.000 Y=0.000 Z=0.000), Max=(X=0.000 Y=0.000 Z=0.000) RuntimeBounds:IsValid=true, Min=(X=0.000 Y=0.000 Z=0.000), Max=(X=0.000 Y=0.000 Z=0.000) RuntimeGrid:None EditorOnly:false RuntimeOnly:false HLODRelevant:false ListedInSceneOutliner:true IsMainWorldOnly:true
 |   |   |- [+] [ 10]
 |   |   |   |- Guid:963169944433A544D75FF79A1B9FC159 NativeClass:/Script/NavigationSystem.NavMeshBoundsVolume Name:NavMeshBoundsVolume_1 Label:NavMeshBoundsVolume SpatiallyLoaded:false EditorBounds:IsValid=true, Min=(X=-100.000 Y=-100.000 Z=-110.000), Max=(X=3100.000 Y=3600.000 Z=390.000) RuntimeBounds:IsValid=true, Min=(X=-100.000 Y=-100.000 Z=-110.000), Max=(X=3100.000 Y=3600.000 Z=390.000) RuntimeGrid:None EditorOnly:false RuntimeOnly:false HLODRelevant:false ListedInSceneOutliner:true IsMainWorldOnly:false FolderPath:Navigation FolderGuid:5FBB7B1041A3902AEFBB4E87AA1D500F
 |   |   |- [+] [ 11]
 |   |   |   |- Guid:BC9F05DA4F26FE20B8ADBEAC803D9E07 NativeClass:/Script/Engine.PostProcessVolume Name:PostProcessVolume_1 Label:PostProcessVolume SpatiallyLoaded:false EditorBounds:IsValid=true, Min=(X=0.000 Y=0.000 Z=400.000), Max=(X=200.000 Y=200.000 Z=600.000) RuntimeBounds:IsValid=true, Min=(X=0.000 Y=0.000 Z=400.000), Max=(X=200.000 Y=200.000 Z=600.000) RuntimeGrid:None EditorOnly:false RuntimeOnly:false HLODRelevant:false ListedInSceneOutliner:true IsMainWorldOnly:false FolderPath:Lighting FolderGuid:E13570EE436BA15E35C622BAA5B21164
 |   |   |- [+] [ 12]
 |   |   |   |- Guid:BD2CBF554A1EA1326D5BE9A2E86E980D BaseClass:/Game/H_RTS/H_Actors/BP_SelectionUnit.BP_SelectionUnit_C NativeClass:/Script/RTS_Interface.Selection_Unit Name:BP_SelectionUnit_C_UAID_F02F7415EA93514202_1332732451 Label:BP_SelectionUnit6 SpatiallyLoaded:true EditorBounds:IsValid=true, Min=(X=730.000 Y=1430.000 Z=-42.000), Max=(X=1050.000 Y=1590.000 Z=183.456) RuntimeBounds:IsValid=true, Min=(X=738.981 Y=1476.000 Z=-3.426), Max=(X=883.089 Y=1544.000 Z=183.456) RuntimeGrid:None EditorOnly:false RuntimeOnly:false HLODRelevant:false ListedInSceneOutliner:true IsMainWorldOnly:false
 |   |   |- [+] [ 13]
 |   |   |   |- Guid:C1F343BF47546FC406FC86B4815E25C6 NativeClass:/Script/Engine.DirectionalLight Name:DirectionalLight_1 Label:DirectionalLight SpatiallyLoaded:false EditorBounds:IsValid=true, Min=(X=-1048576.000 Y=-1048576.000 Z=-1048576.000), Max=(X=1048576.000 Y=1048576.000 Z=1048576.000) RuntimeBounds:IsValid=true, Min=(X=-1048576.000 Y=-1048576.000 Z=-1048576.000), Max=(X=1048576.000 Y=1048576.000 Z=1048576.000) RuntimeGrid:None EditorOnly:false RuntimeOnly:false HLODRelevant:false ListedInSceneOutliner:true IsMainWorldOnly:false FolderPath:Lighting FolderGuid:E13570EE436BA15E35C622BAA5B21164
 |   |   |- [+] [ 14]
 |   |   |   |- Guid:CBF04BF6440E45007651D7A344709376 NativeClass:/Script/Engine.StaticMeshActor Name:StaticMeshActor_UAID_F02F7415EA93654102_1153469912 Label:Plane SpatiallyLoaded:true EditorBounds:IsValid=true, Min=(X=-705.000 Y=-385.000 Z=-0.000), Max=(X=3545.000 Y=3865.000 Z=0.000) RuntimeBounds:IsValid=true, Min=(X=-705.000 Y=-385.000 Z=-0.000), Max=(X=3545.000 Y=3865.000 Z=0.000) RuntimeGrid:None EditorOnly:false RuntimeOnly:false HLODRelevant:true ListedInSceneOutliner:true IsMainWorldOnly:false
 |   |   |- [+] [ 15]
 |   |   |   |- Guid:D6B13F594EEE49F327A7B1AF0394F5D8 BaseClass:/Game/H_RTS/H_Actors/BP_SelectionUnit.BP_SelectionUnit_C NativeClass:/Script/RTS_Interface.Selection_Unit Name:BP_SelectionUnit_C_UAID_F02F7415EA93E24102_1565037911 Label:BP_SelectionUnit SpatiallyLoaded:true EditorBounds:IsValid=true, Min=(X=810.000 Y=1570.000 Z=-42.000), Max=(X=1130.000 Y=1730.000 Z=183.456) RuntimeBounds:IsValid=true, Min=(X=818.981 Y=1616.000 Z=-3.426), Max=(X=963.089 Y=1684.000 Z=183.456) RuntimeGrid:None EditorOnly:false RuntimeOnly:false HLODRelevant:false ListedInSceneOutliner:true IsMainWorldOnly:false
 |   |   |- [+] [ 16]
 |   |   |   |- Guid:E12227DE471DF2C71A845EACAF76DB8D BaseClass:/Game/H_RTS/H_Actors/BP_SelectionUnit.BP_SelectionUnit_C NativeClass:/Script/RTS_Interface.Selection_Unit Name:BP_SelectionUnit_C_UAID_F02F7415EA93514202_1330625449 Label:BP_SelectionUnit4 SpatiallyLoaded:true EditorBounds:IsValid=true, Min=(X=1060.000 Y=1160.000 Z=-42.000), Max=(X=1380.000 Y=1320.000 Z=183.456) RuntimeBounds:IsValid=true, Min=(X=1068.981 Y=1206.000 Z=-3.426), Max=(X=1213.089 Y=1274.000 Z=183.456) RuntimeGrid:None EditorOnly:false RuntimeOnly:false HLODRelevant:false ListedInSceneOutliner:true IsMainWorldOnly:false
 |   |   |- [+] [ 17]
 |   |   |   |- Guid:E237D5684F4A97658AE902AA6A9F1FE1 BaseClass:/Game/H_RTS/H_Actors/BP_SelectionUnit.BP_SelectionUnit_C NativeClass:/Script/RTS_Interface.Selection_Unit Name:BP_SelectionUnit_C_UAID_F02F7415EA93514202_1336359452 Label:BP_SelectionUnit7 SpatiallyLoaded:true EditorBounds:IsValid=true, Min=(X=610.000 Y=1160.000 Z=-42.000), Max=(X=930.000 Y=1320.000 Z=183.456) RuntimeBounds:IsValid=true, Min=(X=618.981 Y=1206.000 Z=-3.426), Max=(X=763.089 Y=1274.000 Z=183.456) RuntimeGrid:None EditorOnly:false RuntimeOnly:false HLODRelevant:false ListedInSceneOutliner:true IsMainWorldOnly:false
 |   |   |- [+] [ 18]
 |   |   |   |- Guid:E92B029A43F3DD683C1B2481BF7B68DE NativeClass:/Script/Engine.VolumetricCloud Name:VolumetricCloud_1 Label:VolumetricCloud SpatiallyLoaded:false EditorBounds:IsValid=true, Min=(X=0.000 Y=0.000 Z=820.000), Max=(X=0.000 Y=0.000 Z=820.000) RuntimeBounds:IsValid=true, Min=(X=0.000 Y=0.000 Z=820.000), Max=(X=0.000 Y=0.000 Z=820.000) RuntimeGrid:None EditorOnly:false RuntimeOnly:false HLODRelevant:false ListedInSceneOutliner:true IsMainWorldOnly:false FolderPath:Lighting FolderGuid:E13570EE436BA15E35C622BAA5B21164
 |- ContainerInstances:
 |- [+] MainContainer:
 |   |-        ID: 00000000000000000000000000000000
 |   |-  ParentID: 00000000000000000000000000000000
 |   |-    Bounds: IsValid=false, Min=(X=0.000 Y=0.000 Z=0.000), Max=(X=0.000 Y=0.000 Z=0.000)
 |   |- Transform: 0.000000,0.000000,0.000000|0.000000,0.000000,-0.000000|1.000000,1.000000,1.000000
 |   |- Container: /Game/TopDown/Maps/TopDownMap
----------------------------------------------------------------------------------------------------------------
TopDownMap - Persistent Level
----------------------------------------------------------------------------------------------------------------
[+] Content of TopDownMap Persistent Level
 |- Always loaded Actor Count: 19 
 |- Actor Path: /Game/TopDown/Maps/TopDownMap.TopDownMap:PersistentLevel.BP_SelectionUnit_C_UAID_F02F7415EA93514202_1327624447
 |- Actor Package: /Game/__ExternalActors__/TopDown/Maps/TopDownMap/E/FF/92H2ZM8TP6PIM0X2540MUM
 |- Actor Path: /Game/TopDown/Maps/TopDownMap.TopDownMap:PersistentLevel.BP_SelectionUnit_C_UAID_F02F7415EA93514202_1328852448
 |- Actor Package: /Game/__ExternalActors__/TopDown/Maps/TopDownMap/9/EX/SYQSYBZ2T15WAYNUO1XKOC
 |- Actor Path: /Game/TopDown/Maps/TopDownMap.TopDownMap:PersistentLevel.BP_SelectionUnit_C_UAID_F02F7415EA93514202_1330625449
 |- Actor Package: /Game/__ExternalActors__/TopDown/Maps/TopDownMap/A/LP/AM5MELCKBQSLQLP0AAFH6L
 |- Actor Path: /Game/TopDown/Maps/TopDownMap.TopDownMap:PersistentLevel.BP_SelectionUnit_C_UAID_F02F7415EA93514202_1331544450
 |- Actor Package: /Game/__ExternalActors__/TopDown/Maps/TopDownMap/3/MP/3SRJHGMVH1XUH1MB0XGG3J
 |- Actor Path: /Game/TopDown/Maps/TopDownMap.TopDownMap:PersistentLevel.BP_SelectionUnit_C_UAID_F02F7415EA93514202_1332732451
 |- Actor Package: /Game/__ExternalActors__/TopDown/Maps/TopDownMap/7/XJ/FQDCIF5IBKUGSIB28IBU8C
 |- Actor Path: /Game/TopDown/Maps/TopDownMap.TopDownMap:PersistentLevel.BP_SelectionUnit_C_UAID_F02F7415EA93514202_1336359452
 |- Actor Package: /Game/__ExternalActors__/TopDown/Maps/TopDownMap/2/05/MDYA2UASR7I2IWENFJ73JG
 |- Actor Path: /Game/TopDown/Maps/TopDownMap.TopDownMap:PersistentLevel.BP_SelectionUnit_C_UAID_F02F7415EA93E24102_1565037911
 |- Actor Package: /Game/__ExternalActors__/TopDown/Maps/TopDownMap/E/A6/YYFF9BL007OYUKH7A1L1NA
 |- Actor Path: /Game/TopDown/Maps/TopDownMap.TopDownMap:PersistentLevel.DirectionalLight_1
 |- Actor Package: /Game/__ExternalActors__/TopDown/Maps/TopDownMap/A/LM/VRK8UAZR3J2TAKS74SHCUD
 |- Actor Path: /Game/TopDown/Maps/TopDownMap.TopDownMap:PersistentLevel.ExponentialHeightFog_1
 |- Actor Package: /Game/__ExternalActors__/TopDown/Maps/TopDownMap/6/BO/BYV4KSLUROOOL33DU1XUWQ
 |- Actor Path: /Game/TopDown/Maps/TopDownMap.TopDownMap:PersistentLevel.NavLinkProxy_1
 |- Actor Package: /Game/__ExternalActors__/TopDown/Maps/TopDownMap/B/G0/ISLYFIMFWSWGJY6SPWE06D
 |- Actor Path: /Game/TopDown/Maps/TopDownMap.TopDownMap:PersistentLevel.NavMeshBoundsVolume_1
 |- Actor Package: /Game/__ExternalActors__/TopDown/Maps/TopDownMap/0/QS/8AKCSH4RXXQHHQMCR8GO6C
 |- Actor Path: /Game/TopDown/Maps/TopDownMap.TopDownMap:PersistentLevel.PlayerStart_1
 |- Actor Package: /Game/__ExternalActors__/TopDown/Maps/TopDownMap/C/JD/5BHFU0IH6WKMJJHSUWD35N
 |- Actor Path: /Game/TopDown/Maps/TopDownMap.TopDownMap:PersistentLevel.PostProcessVolume_1
 |- Actor Package: /Game/__ExternalActors__/TopDown/Maps/TopDownMap/6/VI/ESHAVRHFZFA2JDR9ZAQIOE
 |- Actor Path: /Game/TopDown/Maps/TopDownMap.TopDownMap:PersistentLevel.SkyAtmosphere_1
 |- Actor Package: /Game/__ExternalActors__/TopDown/Maps/TopDownMap/5/YN/TCNGOWDVRBFBJ5YZR7VI7S
 |- Actor Path: /Game/TopDown/Maps/TopDownMap.TopDownMap:PersistentLevel.SkyLight_1
 |- Actor Package: /Game/__ExternalActors__/TopDown/Maps/TopDownMap/E/LR/47NTFRDFK6M7265A1UYTOW
 |- Actor Path: /Game/TopDown/Maps/TopDownMap.TopDownMap:PersistentLevel.StaticMeshActor_UAID_A4AE111137DC5CFB00_1546167071
 |- Actor Package: /Game/__ExternalActors__/TopDown/Maps/TopDownMap/4/OB/UE797FL8JPMDZ27UFM0IFO
 |- Actor Path: /Game/TopDown/Maps/TopDownMap.TopDownMap:PersistentLevel.StaticMeshActor_UAID_F02F7415EA93654102_1153469912
 |- Actor Package: /Game/__ExternalActors__/TopDown/Maps/TopDownMap/E/O6/LOS7ASA87TRIGSN0EFVDL1
 |- Actor Path: /Game/TopDown/Maps/TopDownMap.TopDownMap:PersistentLevel.VolumetricCloud_1
 |- Actor Package: /Game/__ExternalActors__/TopDown/Maps/TopDownMap/E/SW/R38LZ3VU1OWS6QBVEOT0MO
 |- Actor Path: /Game/TopDown/Maps/TopDownMap.TopDownMap:PersistentLevel.WorldDataLayers
 |- Actor Package: /Game/__ExternalActors__/TopDown/Maps/TopDownMap/A/RN/FHX05LPSBNMAJG3SW97PS7

----------------------------------------------------------------------------------------------------------------
TopDownMap - Runtime Hash Set
----------------------------------------------------------------------------------------------------------------

